[debug] [2022-08-18T10:32:28.847Z] ----------------------------------------------------------------------
[debug] [2022-08-18T10:32:28.851Z] Command:       /usr/bin/node /usr/local/bin/firebase init
[debug] [2022-08-18T10:32:28.852Z] CLI Version:   11.5.0
[debug] [2022-08-18T10:32:28.852Z] Platform:      linux
[debug] [2022-08-18T10:32:28.852Z] Node Version:  v16.14.2
[debug] [2022-08-18T10:32:28.852Z] Time:          Thu Aug 18 2022 10:32:28 GMT+0000 (heure moyenne de Greenwich)
[debug] [2022-08-18T10:32:28.853Z] ----------------------------------------------------------------------
[debug] 
[debug] [2022-08-18T10:32:28.948Z] > command requires scopes: ["email","openid","https://www.googleapis.com/auth/cloudplatformprojects.readonly","https://www.googleapis.com/auth/firebase","https://www.googleapis.com/auth/cloud-platform"]
[debug] [2022-08-18T10:32:28.948Z] > authorizing via signed-in user (keassebojosias@gmail.com)
[info] 
     ######## #### ########  ######## ########     ###     ######  ########
     ##        ##  ##     ## ##       ##     ##  ##   ##  ##       ##
     ######    ##  ########  ######   ########  #########  ######  ######
     ##        ##  ##    ##  ##       ##     ## ##     ##       ## ##
     ##       #### ##     ## ######## ########  ##     ##  ######  ########

You're about to initialize a Firebase project in this directory:

  /home/rschain4/Bureau/aws-NFTmarketplace-build /nft-marketplace

Before we get started, keep in mind:

  * You are initializing within an existing Firebase project directory

[info] 
=== Project Setup
[info] 
[info] First, let's associate this project directory with a Firebase project.
[info] You can create multiple project aliases by running firebase use --add, 
[info] but for now we'll just set up a default project.
[info] 
[debug] [2022-08-18T10:32:45.797Z] Using project from CLI flag: nftmarketplace-4c053
[debug] [2022-08-18T10:32:45.800Z] >>> [apiv2][query] GET https://firebase.googleapis.com/v1beta1/projects/nftmarketplace-4c053 [none]
[debug] [2022-08-18T10:32:46.426Z] <<< [apiv2][status] GET https://firebase.googleapis.com/v1beta1/projects/nftmarketplace-4c053 200
[debug] [2022-08-18T10:32:46.427Z] <<< [apiv2][body] GET https://firebase.googleapis.com/v1beta1/projects/nftmarketplace-4c053 {"projectId":"nftmarketplace-4c053","projectNumber":"235305588094","displayName":"NFTmarketplace","name":"projects/nftmarketplace-4c053","resources":{"hostingSite":"nftmarketplace-4c053"},"state":"ACTIVE","etag":"1_bace64b8-75a5-49ae-831f-79271de3c2b8"}
[info] i  Using project nftmarketplace-4c053 (NFTmarketplace) 
[info] 
=== Hosting Setup
[info] 
[info] Your public directory is the folder (relative to your project directory) that
[info] will contain Hosting assets to be uploaded with firebase deploy. If you
[info] have a build process for your assets, use your build's output directory.
[info] 
[debug] [2022-08-18T10:33:11.378Z] >>> [apiv2][query] GET https://www.gstatic.com/firebasejs/releases.json [none]
[debug] [2022-08-18T10:33:11.688Z] <<< [apiv2][status] GET https://www.gstatic.com/firebasejs/releases.json 200
[debug] [2022-08-18T10:33:11.688Z] <<< [apiv2][body] GET https://www.gstatic.com/firebasejs/releases.json {"current":{"version":"9.9.2","browserURL":"https://www.gstatic.com/firebasejs/9.9.2/firebase.js","packageURL":"https://www.gstatic.com/firebasejs/9.9.2/firebase.tgz"},"live":{"version":"9.9","browserURL":"https://www.gstatic.com/firebasejs/live/9.9/firebase.js","packageURL":"https://www.gstatic.com/firebasejs/live/9.9/firebase.tgz"},"components":{"analytics":"https://www.gstatic.com/firebasejs/9.9.2/firebase-analytics.js","app":"https://www.gstatic.com/firebasejs/9.9.2/firebase-app.js","app-check":"https://www.gstatic.com/firebasejs/9.9.2/firebase-app-check.js","auth":"https://www.gstatic.com/firebasejs/9.9.2/firebase-auth.js","auth/cordova":"https://www.gstatic.com/firebasejs/9.9.2/firebase-auth/cordova.js","auth/react-native":"https://www.gstatic.com/firebasejs/9.9.2/firebase-auth/react-native.js","functions":"https://www.gstatic.com/firebasejs/9.9.2/firebase-functions.js","firestore":"https://www.gstatic.com/firebasejs/9.9.2/firebase-firestore.js","firestore/lite":"https://www.gstatic.com/firebasejs/9.9.2/firebase-firestore/lite.js","installations":"https://www.gstatic.com/firebasejs/9.9.2/firebase-installations.js","storage":"https://www.gstatic.com/firebasejs/9.9.2/firebase-storage.js","performance":"https://www.gstatic.com/firebasejs/9.9.2/firebase-performance.js","remote-config":"https://www.gstatic.com/firebasejs/9.9.2/firebase-remote-config.js","messaging":"https://www.gstatic.com/firebasejs/9.9.2/firebase-messaging.js","messaging/sw":"https://www.gstatic.com/firebasejs/9.9.2/firebase-messaging/sw.js","database":"https://www.gstatic.com/firebasejs/9.9.2/firebase-database.js","firestore.memory":"https://www.gstatic.com/firebasejs/9.9.2/firebase-firestore.memory.js"}}
[info] ✔  Wrote out/index.html 
[info] 
[info] i  Detected a .git folder at /home/rschain4/Bureau/aws-NFTmarketplace-build /nft-marketplace 
[info] i  Authorizing with GitHub to upload your service account to a GitHub repository's secrets store. 
[info] 
[info] Visit this URL on this device to log in:
[info] https://github.com/login/oauth/authorize?client_id=89cf50f02ac6aaed3484&state=253811821&redirect_uri=http%3A%2F%2Flocalhost%3A9005&scope=read%3Auser%20repo%20public_repo
[info] 
[info] Waiting for authentication...
[debug] [2022-08-18T10:33:17.033Z] >>> [apiv2][query] POST https://github.com/login/oauth/access_token [none]
[debug] [2022-08-18T10:33:17.033Z] >>> [apiv2][body] POST https://github.com/login/oauth/access_token [stream]
[debug] [2022-08-18T10:33:17.565Z] <<< [apiv2][status] POST https://github.com/login/oauth/access_token 200
[debug] [2022-08-18T10:33:17.566Z] <<< [apiv2][body] POST https://github.com/login/oauth/access_token {"access_token":"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","token_type":"bearer","scope":"read:user,repo"}
[debug] [2022-08-18T10:33:17.573Z] >>> [apiv2][query] GET https://api.github.com/user [none]
[debug] [2022-08-18T10:33:18.082Z] <<< [apiv2][status] GET https://api.github.com/user 200
[debug] [2022-08-18T10:33:18.082Z] <<< [apiv2][body] GET https://api.github.com/user {"login":"klomb12","id":102146792,"node_id":"U_kgDOBhai6A","avatar_url":"https://avatars.githubusercontent.com/u/102146792?v=4","gravatar_id":"","url":"https://api.github.com/users/klomb12","html_url":"https://github.com/klomb12","followers_url":"https://api.github.com/users/klomb12/followers","following_url":"https://api.github.com/users/klomb12/following{/other_user}","gists_url":"https://api.github.com/users/klomb12/gists{/gist_id}","starred_url":"https://api.github.com/users/klomb12/starred{/owner}{/repo}","subscriptions_url":"https://api.github.com/users/klomb12/subscriptions","organizations_url":"https://api.github.com/users/klomb12/orgs","repos_url":"https://api.github.com/users/klomb12/repos","events_url":"https://api.github.com/users/klomb12/events{/privacy}","received_events_url":"https://api.github.com/users/klomb12/received_events","type":"User","site_admin":false,"name":null,"company":null,"blog":"","location":null,"email":null,"hireable":null,"bio":null,"twitter_username":null,"public_repos":5,"public_gists":0,"followers":0,"following":0,"created_at":"2022-03-22T09:14:40Z","updated_at":"2022-08-09T10:04:36Z","private_gists":0,"total_private_repos":1,"owned_private_repos":1,"disk_usage":58,"collaborators":0,"two_factor_authentication":false,"plan":{"name":"free","space":976562499,"collaborators":0,"private_repos":10000}}
[info] 
[info] ✔  Success! Logged into GitHub as klomb12 
[info] 
